#
# There is insufficient memory for the Java Runtime Environment to continue.
# Native memory allocation (mmap) failed to map 242221056 bytes for G1 virtual space
# Possible reasons:
#   The system is out of physical RAM or swap space
#   The process is running with CompressedOops enabled, and the Java Heap may be blocking the growth of the native heap
# Possible solutions:
#   Reduce memory load on the system
#   Increase physical memory or swap space
#   Check if swap backing store is full
#   Decrease Java heap size (-Xmx/-Xms)
#   Decrease number of Java threads
#   Decrease Java thread stack sizes (-Xss)
#   Set larger code cache with -XX:ReservedCodeCacheSize=
#   JVM is running with Unscaled Compressed Oops mode in which the Java heap is
#     placed in the first 4GB address space. The Java Heap base address is the
#     maximum limit for the native heap growth. Please use -XX:HeapBaseMinAddress
#     to set the Java Heap base and to place the Java Heap above 4GB virtual address.
# This output file may be truncated or incomplete.
#
#  Out of Memory Error (os_windows.cpp:3466), pid=6084, tid=17064
#
# JRE version: OpenJDK Runtime Environment (16.0.2+7) (build 16.0.2+7-67)
# Java VM: OpenJDK 64-Bit Server VM (16.0.2+7-67, mixed mode, tiered, compressed oops, compressed class ptrs, g1 gc, windows-amd64)
# No core dump will be written. Minidumps are not enabled by default on client versions of Windows
#

---------------  S U M M A R Y ------------

Command Line: -Dfile.encoding=Cp1252 -XX:+ShowCodeDetailsInExceptionMessages SearchEngine.Searching

Host: Intel(R) Core(TM) i7-8550U CPU @ 1.80GHz, 8 cores, 7G,  Windows 10 , 64 bit Build 19041 (10.0.19041.1348)
Time: Tue Nov 30 17:57:20 2021 Eastern Standard Time elapsed time: 53.988668 seconds (0d 0h 0m 53s)

---------------  T H R E A D  ---------------

Current thread (0x0000015a7c80df20):  VMThread "VM Thread" [stack: 0x00000005a1b00000,0x00000005a1c00000] [id=17064]

Stack: [0x00000005a1b00000,0x00000005a1c00000]
Native frames: (J=compiled Java code, j=interpreted, Vv=VM code, C=native code)
V  [jvm.dll+0x6681ca]
V  [jvm.dll+0x7c9e69]
V  [jvm.dll+0x7cb61e]
V  [jvm.dll+0x7cbc73]
V  [jvm.dll+0x242c55]
V  [jvm.dll+0x664f89]
V  [jvm.dll+0x659b75]
V  [jvm.dll+0x2fbfbb]
V  [jvm.dll+0x3031b6]
V  [jvm.dll+0x35299e]
V  [jvm.dll+0x352bcf]
V  [jvm.dll+0x2d3028]
V  [jvm.dll+0x2d0bb5]
V  [jvm.dll+0x2d01ec]
V  [jvm.dll+0x315693]
V  [jvm.dll+0x7d00ab]
V  [jvm.dll+0x7d0da4]
V  [jvm.dll+0x7d12a9]
V  [jvm.dll+0x7d1564]
V  [jvm.dll+0x7d1630]
V  [jvm.dll+0x7795aa]
V  [jvm.dll+0x667066]
C  [ucrtbase.dll+0x21bb2]
C  [KERNEL32.DLL+0x17034]
C  [ntdll.dll+0x52651]

VM_Operation (0x00000005a15feeb0): G1TryInitiateConcMark, mode: safepoint, requested by thread 0x0000015a71a99e00


---------------  P R O C E S S  ---------------

Threads class SMR info:
_java_thread_list=0x0000015a7ec85ab0, length=14, elements={
0x0000015a71a99e00, 0x0000015a7c822020, 0x0000015a7c823340, 0x0000015a7c8525a0,
0x0000015a7c852fb0, 0x0000015a7c8568e0, 0x0000015a7d40a490, 0x0000015a7d415240,
0x0000015a7d416ba0, 0x0000015a7d4298d0, 0x0000015a7d58e0b0, 0x0000015a7d5a5110,
0x0000015a7d6a5360, 0x0000015a7d92ff00
}

Java Threads: ( => current thread )
  0x0000015a71a99e00 JavaThread "main" [_thread_blocked, id=15196, stack(0x00000005a1500000,0x00000005a1600000)]
  0x0000015a7c822020 JavaThread "Reference Handler" daemon [_thread_blocked, id=18868, stack(0x00000005a1c00000,0x00000005a1d00000)]
  0x0000015a7c823340 JavaThread "Finalizer" daemon [_thread_blocked, id=5340, stack(0x00000005a1d00000,0x00000005a1e00000)]
  0x0000015a7c8525a0 JavaThread "Signal Dispatcher" daemon [_thread_blocked, id=11068, stack(0x00000005a1e00000,0x00000005a1f00000)]
  0x0000015a7c852fb0 JavaThread "Attach Listener" daemon [_thread_blocked, id=19640, stack(0x00000005a1f00000,0x00000005a2000000)]
  0x0000015a7c8568e0 JavaThread "Service Thread" daemon [_thread_blocked, id=3312, stack(0x00000005a2000000,0x00000005a2100000)]
  0x0000015a7d40a490 JavaThread "Monitor Deflation Thread" daemon [_thread_blocked, id=18876, stack(0x00000005a2100000,0x00000005a2200000)]
  0x0000015a7d415240 JavaThread "C2 CompilerThread0" daemon [_thread_blocked, id=13784, stack(0x00000005a2200000,0x00000005a2300000)]
  0x0000015a7d416ba0 JavaThread "C1 CompilerThread0" daemon [_thread_blocked, id=13716, stack(0x00000005a2300000,0x00000005a2400000)]
  0x0000015a7d4298d0 JavaThread "Sweeper thread" daemon [_thread_blocked, id=12604, stack(0x00000005a2400000,0x00000005a2500000)]
  0x0000015a7d58e0b0 JavaThread "Notification Thread" daemon [_thread_blocked, id=2184, stack(0x00000005a2500000,0x00000005a2600000)]
  0x0000015a7d5a5110 JavaThread "Common-Cleaner" daemon [_thread_blocked, id=12264, stack(0x00000005a2700000,0x00000005a2800000)]
  0x0000015a7d6a5360 JavaThread "Keep-Alive-Timer" daemon [_thread_blocked, id=15204, stack(0x00000005a2900000,0x00000005a2a00000)]
  0x0000015a7d92ff00 JavaThread "C2 CompilerThread1" daemon [_thread_blocked, id=496, stack(0x00000005a3600000,0x00000005a3700000)]

Other Threads:
=>0x0000015a7c80df20 VMThread "VM Thread" [stack: 0x00000005a1b00000,0x00000005a1c00000] [id=17064]
  0x0000015a7d58edf0 WatcherThread [stack: 0x00000005a2600000,0x00000005a2700000] [id=13400]
  0x0000015a71ada260 GCTaskThread "GC Thread#0" [stack: 0x00000005a1600000,0x00000005a1700000] [id=2776]
  0x0000015a7ddaed50 GCTaskThread "GC Thread#1" [stack: 0x00000005a2c00000,0x00000005a2d00000] [id=7464]
  0x0000015a7dbca550 GCTaskThread "GC Thread#2" [stack: 0x00000005a2d00000,0x00000005a2e00000] [id=9796]
  0x0000015a7ec2f660 GCTaskThread "GC Thread#3" [stack: 0x00000005a2e00000,0x00000005a2f00000] [id=2536]
  0x0000015a7f2981d0 GCTaskThread "GC Thread#4" [stack: 0x00000005a2f00000,0x00000005a3000000] [id=4472]
  0x0000015a7dba1650 GCTaskThread "GC Thread#5" [stack: 0x00000005a3000000,0x00000005a3100000] [id=5092]
  0x0000015a7de62c00 GCTaskThread "GC Thread#6" [stack: 0x00000005a3100000,0x00000005a3200000] [id=18784]
  0x0000015a7ecd3030 GCTaskThread "GC Thread#7" [stack: 0x00000005a3200000,0x00000005a3300000] [id=14956]
  0x0000015a71aeadc0 ConcurrentGCThread "G1 Main Marker" [stack: 0x00000005a1700000,0x00000005a1800000] [id=7536]
  0x0000015a71aed370 ConcurrentGCThread "G1 Conc#0" [stack: 0x00000005a1800000,0x00000005a1900000] [id=13680]
  0x0000015a71b7af80 ConcurrentGCThread "G1 Refine#0" [stack: 0x00000005a1900000,0x00000005a1a00000] [id=10260]
  0x0000015a7ebed990 ConcurrentGCThread "G1 Refine#1" [stack: 0x00000005a3300000,0x00000005a3400000] [id=8832]
  0x0000015a0f6a2a10 ConcurrentGCThread "G1 Refine#2" [stack: 0x00000005a3400000,0x00000005a3500000] [id=8088]
  0x0000015a0f672ca0 ConcurrentGCThread "G1 Refine#3" [stack: 0x00000005a3500000,0x00000005a3600000] [id=20136]
  0x0000015a71b7c7c0 ConcurrentGCThread "G1 Service" [stack: 0x00000005a1a00000,0x00000005a1b00000] [id=16368]

Threads with active compile tasks:
C2 CompilerThread0    54041 3885       4       java.lang.StringUTF16::toLowerCase (299 bytes)

VM state: at safepoint (normal execution)

VM Mutex/Monitor currently owned by a thread:  ([mutex/lock_event])
[0x0000015a71a970c0] Threads_lock - owner thread: 0x0000015a7c80df20
[0x0000015a71a962b0] Heap_lock - owner thread: 0x0000015a71a99e00

Heap address: 0x0000000082800000, size: 2008 MB, Compressed Oops mode: 32-bit

CDS disabled.
Compressed class space mapped at: 0x0000000100000000-0x0000000140000000, reserved size: 1073741824
Narrow klass base: 0x0000000000000000, Narrow klass shift: 3, Narrow klass range: 0x140000000

GC Precious Log:
 CPUs: 8 total, 8 available
 Memory: 8025M
 Large Page Support: Disabled
 NUMA Support: Disabled
 Compressed Oops: Enabled (32-bit)
 Heap Region Size: 1M
 Heap Min Capacity: 8M
 Heap Initial Capacity: 126M
 Heap Max Capacity: 2008M
 Pre-touch: Disabled
 Parallel Workers: 8
 Concurrent Workers: 2
 Concurrent Refinement Workers: 8
 Periodic GC: Disabled

Heap:
 garbage-first heap   total 236544K, used 68571K [0x0000000082800000, 0x0000000100000000)
  region size 1024K, 3 young (3072K), 3 survivors (3072K)
 Metaspace       used 18659K, committed 18880K, reserved 1073152K
  class space    used 1705K, committed 1792K, reserved 1048576K

Heap Regions: E=young(eden), S=young(survivor), O=old, HS=humongous(starts), HC=humongous(continues), CS=collection set, F=free, OA=open archive, CA=closed archive, TAMS=top-at-mark-start (previous, next)
|   0|0x0000000082800000, 0x0000000082900000, 0x0000000082900000|100%| O|  |TAMS 0x0000000082800000, 0x0000000082900000| Untracked 
|   1|0x0000000082900000, 0x0000000082a00000, 0x0000000082a00000|100%| O|  |TAMS 0x0000000082900000, 0x0000000082a00000| Untracked 
|   2|0x0000000082a00000, 0x0000000082a00000, 0x0000000082b00000|  0%| F|  |TAMS 0x0000000082a00000, 0x0000000082a00000| Untracked 
|   3|0x0000000082b00000, 0x0000000082c00000, 0x0000000082c00000|100%| O|  |TAMS 0x0000000082b00000, 0x0000000082c00000| Untracked 
|   4|0x0000000082c00000, 0x0000000082d00000, 0x0000000082d00000|100%| O|  |TAMS 0x0000000082c00000, 0x0000000082d00000| Untracked 
|   5|0x0000000082d00000, 0x0000000082e00000, 0x0000000082e00000|100%| O|  |TAMS 0x0000000082d00000, 0x0000000082e00000| Untracked 
|   6|0x0000000082e00000, 0x0000000082f00000, 0x0000000082f00000|100%| O|  |TAMS 0x0000000082e00000, 0x0000000082f00000| Untracked 
|   7|0x0000000082f00000, 0x0000000083000000, 0x0000000083000000|100%| O|  |TAMS 0x0000000082f00000, 0x0000000083000000| Untracked 
|   8|0x0000000083000000, 0x0000000083100000, 0x0000000083100000|100%| O|  |TAMS 0x0000000083000000, 0x0000000083100000| Untracked 
|   9|0x0000000083100000, 0x00000000831ad200, 0x0000000083200000| 67%| O|  |TAMS 0x0000000083100000, 0x00000000831ad200| Untracked 
|  10|0x0000000083200000, 0x0000000083200000, 0x0000000083300000|  0%| F|  |TAMS 0x0000000083200000, 0x0000000083200000| Untracked 
|  11|0x0000000083300000, 0x0000000083300000, 0x0000000083400000|  0%| F|  |TAMS 0x0000000083300000, 0x0000000083300000| Untracked 
|  12|0x0000000083400000, 0x0000000083400000, 0x0000000083500000|  0%| F|  |TAMS 0x0000000083400000, 0x0000000083400000| Untracked 
|  13|0x0000000083500000, 0x0000000083600000, 0x0000000083600000|100%| O|  |TAMS 0x0000000083500000, 0x0000000083600000| Untracked 
|  14|0x0000000083600000, 0x0000000083700000, 0x0000000083700000|100%| O|  |TAMS 0x0000000083600000, 0x0000000083700000| Untracked 
|  15|0x0000000083700000, 0x0000000083800000, 0x0000000083800000|100%| O|  |TAMS 0x0000000083700000, 0x0000000083800000| Untracked 
|  16|0x0000000083800000, 0x0000000083900000, 0x0000000083900000|100%| O|  |TAMS 0x0000000083800000, 0x0000000083900000| Untracked 
|  17|0x0000000083900000, 0x0000000083900000, 0x0000000083a00000|  0%| F|  |TAMS 0x0000000083900000, 0x0000000083900000| Untracked 
|  18|0x0000000083a00000, 0x0000000083a00000, 0x0000000083b00000|  0%| F|  |TAMS 0x0000000083a00000, 0x0000000083a00000| Untracked 
|  19|0x0000000083b00000, 0x0000000083b00000, 0x0000000083c00000|  0%| F|  |TAMS 0x0000000083b00000, 0x0000000083b00000| Untracked 
|  20|0x0000000083c00000, 0x0000000083c00000, 0x0000000083d00000|  0%| F|  |TAMS 0x0000000083c00000, 0x0000000083c00000| Untracked 
|  21|0x0000000083d00000, 0x0000000083d00000, 0x0000000083e00000|  0%| F|  |TAMS 0x0000000083d00000, 0x0000000083d00000| Untracked 
|  22|0x0000000083e00000, 0x0000000083e00000, 0x0000000083f00000|  0%| F|  |TAMS 0x0000000083e00000, 0x0000000083e00000| Untracked 
|  23|0x0000000083f00000, 0x0000000083f00000, 0x0000000084000000|  0%| F|  |TAMS 0x0000000083f00000, 0x0000000083f00000| Untracked 
|  24|0x0000000084000000, 0x0000000084000000, 0x0000000084100000|  0%| F|  |TAMS 0x0000000084000000, 0x0000000084000000| Untracked 
|  25|0x0000000084100000, 0x0000000084100000, 0x0000000084200000|  0%| F|  |TAMS 0x0000000084100000, 0x0000000084100000| Untracked 
|  26|0x0000000084200000, 0x0000000084300000, 0x0000000084300000|100%| O|  |TAMS 0x0000000084200000, 0x0000000084300000| Untracked 
|  27|0x0000000084300000, 0x0000000084400000, 0x0000000084400000|100%| O|  |TAMS 0x0000000084300000, 0x0000000084400000| Untracked 
|  28|0x0000000084400000, 0x0000000084500000, 0x0000000084500000|100%| O|  |TAMS 0x0000000084400000, 0x0000000084500000| Untracked 
|  29|0x0000000084500000, 0x0000000084600000, 0x0000000084600000|100%| O|  |TAMS 0x0000000084500000, 0x0000000084600000| Untracked 
|  30|0x0000000084600000, 0x0000000084600000, 0x0000000084700000|  0%| F|  |TAMS 0x0000000084600000, 0x0000000084600000| Untracked 
|  31|0x0000000084700000, 0x0000000084700000, 0x0000000084800000|  0%| F|  |TAMS 0x0000000084700000, 0x0000000084700000| Untracked 
|  32|0x0000000084800000, 0x0000000084800000, 0x0000000084900000|  0%| F|  |TAMS 0x0000000084800000, 0x0000000084800000| Untracked 
|  33|0x0000000084900000, 0x0000000084900000, 0x0000000084a00000|  0%| F|  |TAMS 0x0000000084900000, 0x0000000084900000| Untracked 
|  34|0x0000000084a00000, 0x0000000084a00000, 0x0000000084b00000|  0%| F|  |TAMS 0x0000000084a00000, 0x0000000084a00000| Untracked 
|  35|0x0000000084b00000, 0x0000000084b00000, 0x0000000084c00000|  0%| F|  |TAMS 0x0000000084b00000, 0x0000000084b00000| Untracked 
|  36|0x0000000084c00000, 0x0000000084c00000, 0x0000000084d00000|  0%| F|  |TAMS 0x0000000084c00000, 0x0000000084c00000| Untracked 
|  37|0x0000000084d00000, 0x0000000084d00000, 0x0000000084e00000|  0%| F|  |TAMS 0x0000000084d00000, 0x0000000084d00000| Untracked 
|  38|0x0000000084e00000, 0x0000000084f00000, 0x0000000084f00000|100%| O|  |TAMS 0x0000000084e00000, 0x0000000084f00000| Untracked 
|  39|0x0000000084f00000, 0x0000000085000000, 0x0000000085000000|100%| O|  |TAMS 0x0000000084f00000, 0x0000000085000000| Untracked 
|  40|0x0000000085000000, 0x0000000085100000, 0x0000000085100000|100%| O|  |TAMS 0x0000000085000000, 0x0000000085100000| Untracked 
|  41|0x0000000085100000, 0x0000000085200000, 0x0000000085200000|100%| O|  |TAMS 0x0000000085100000, 0x0000000085200000| Untracked 
|  42|0x0000000085200000, 0x0000000085300000, 0x0000000085300000|100%| O|  |TAMS 0x0000000085200000, 0x0000000085300000| Untracked 
|  43|0x0000000085300000, 0x0000000085300000, 0x0000000085400000|  0%| F|  |TAMS 0x0000000085300000, 0x0000000085300000| Untracked 
|  44|0x0000000085400000, 0x0000000085400000, 0x0000000085500000|  0%| F|  |TAMS 0x0000000085400000, 0x0000000085400000| Untracked 
|  45|0x0000000085500000, 0x0000000085500000, 0x0000000085600000|  0%| F|  |TAMS 0x0000000085500000, 0x0000000085500000| Untracked 
|  46|0x0000000085600000, 0x0000000085600000, 0x0000000085700000|  0%| F|  |TAMS 0x0000000085600000, 0x0000000085600000| Untracked 
|  47|0x0000000085700000, 0x0000000085800000, 0x0000000085800000|100%| O|  |TAMS 0x0000000085700000, 0x0000000085800000| Untracked 
|  48|0x0000000085800000, 0x0000000085900000, 0x0000000085900000|100%| O|  |TAMS 0x0000000085800000, 0x0000000085900000| Untracked 
|  49|0x0000000085900000, 0x0000000085a00000, 0x0000000085a00000|100%| O|  |TAMS 0x0000000085900000, 0x0000000085a00000| Untracked 
|  50|0x0000000085a00000, 0x0000000085a00000, 0x0000000085b00000|  0%| F|  |TAMS 0x0000000085a00000, 0x0000000085a00000| Untracked 
|  51|0x0000000085b00000, 0x0000000085b00000, 0x0000000085c00000|  0%| F|  |TAMS 0x0000000085b00000, 0x0000000085b00000| Untracked 
|  52|0x0000000085c00000, 0x0000000085c00000, 0x0000000085d00000|  0%| F|  |TAMS 0x0000000085c00000, 0x0000000085c00000| Untracked 
|  53|0x0000000085d00000, 0x0000000085d00000, 0x0000000085e00000|  0%| F|  |TAMS 0x0000000085d00000, 0x0000000085d00000| Untracked 
|  54|0x0000000085e00000, 0x0000000085e00000, 0x0000000085f00000|  0%| F|  |TAMS 0x0000000085e00000, 0x0000000085e00000| Untracked 
|  55|0x0000000085f00000, 0x0000000085f00000, 0x0000000086000000|  0%| F|  |TAMS 0x0000000085f00000, 0x0000000085f00000| Untracked 
|  56|0x0000000086000000, 0x0000000086000000, 0x0000000086100000|  0%| F|  |TAMS 0x0000000086000000, 0x0000000086000000| Untracked 
|  57|0x0000000086100000, 0x0000000086100000, 0x0000000086200000|  0%| F|  |TAMS 0x0000000086100000, 0x0000000086100000| Untracked 
|  58|0x0000000086200000, 0x0000000086200000, 0x0000000086300000|  0%| F|  |TAMS 0x0000000086200000, 0x0000000086200000| Untracked 
|  59|0x0000000086300000, 0x0000000086300000, 0x0000000086400000|  0%| F|  |TAMS 0x0000000086300000, 0x0000000086300000| Untracked 
|  60|0x0000000086400000, 0x0000000086400000, 0x0000000086500000|  0%| F|  |TAMS 0x0000000086400000, 0x0000000086400000| Untracked 
|  61|0x0000000086500000, 0x0000000086500000, 0x0000000086600000|  0%| F|  |TAMS 0x0000000086500000, 0x0000000086500000| Untracked 
|  62|0x0000000086600000, 0x0000000086600000, 0x0000000086700000|  0%| F|  |TAMS 0x0000000086600000, 0x0000000086600000| Untracked 
|  63|0x0000000086700000, 0x0000000086700000, 0x0000000086800000|  0%| F|  |TAMS 0x0000000086700000, 0x0000000086700000| Untracked 
|  64|0x0000000086800000, 0x0000000086800000, 0x0000000086900000|  0%| F|  |TAMS 0x0000000086800000, 0x0000000086800000| Untracked 
|  65|0x0000000086900000, 0x0000000086900000, 0x0000000086a00000|  0%| F|  |TAMS 0x0000000086900000, 0x0000000086900000| Untracked 
|  66|0x0000000086a00000, 0x0000000086a00000, 0x0000000086b00000|  0%| F|  |TAMS 0x0000000086a00000, 0x0000000086a00000| Untracked 
|  67|0x0000000086b00000, 0x0000000086b00000, 0x0000000086c00000|  0%| F|  |TAMS 0x0000000086b00000, 0x0000000086b00000| Untracked 
|  68|0x0000000086c00000, 0x0000000086c00000, 0x0000000086d00000|  0%| F|  |TAMS 0x0000000086c00000, 0x0000000086c00000| Untracked 
|  69|0x0000000086d00000, 0x0000000086d00000, 0x0000000086e00000|  0%| F|  |TAMS 0x0000000086d00000, 0x0000000086d00000| Untracked 
|  70|0x0000000086e00000, 0x0000000086e00000, 0x0000000086f00000|  0%| F|  |TAMS 0x0000000086e00000, 0x0000000086e00000| Untracked 
|  71|0x0000000086f00000, 0x0000000086f00000, 0x0000000087000000|  0%| F|  |TAMS 0x0000000086f00000, 0x0000000086f00000| Untracked 
|  72|0x0000000087000000, 0x0000000087000000, 0x0000000087100000|  0%| F|  |TAMS 0x0000000087000000, 0x0000000087000000| Untracked 
|  73|0x0000000087100000, 0x0000000087100000, 0x0000000087200000|  0%| F|  |TAMS 0x0000000087100000, 0x0000000087100000| Untracked 
|  74|0x0000000087200000, 0x0000000087200000, 0x0000000087300000|  0%| F|  |TAMS 0x0000000087200000, 0x0000000087200000| Untracked 
|  75|0x0000000087300000, 0x0000000087300000, 0x0000000087400000|  0%| F|  |TAMS 0x0000000087300000, 0x0000000087300000| Untracked 
|  76|0x0000000087400000, 0x0000000087400000, 0x0000000087500000|  0%| F|  |TAMS 0x0000000087400000, 0x0000000087400000| Untracked 
|  77|0x0000000087500000, 0x0000000087500000, 0x0000000087600000|  0%| F|  |TAMS 0x0000000087500000, 0x0000000087500000| Untracked 
|  78|0x0000000087600000, 0x0000000087600000, 0x0000000087700000|  0%| F|  |TAMS 0x0000000087600000, 0x0000000087600000| Untracked 
|  79|0x0000000087700000, 0x0000000087700000, 0x0000000087800000|  0%| F|  |TAMS 0x0000000087700000, 0x0000000087700000| Untracked 
|  80|0x0000000087800000, 0x0000000087800000, 0x0000000087900000|  0%| F|  |TAMS 0x0000000087800000, 0x0000000087800000| Untracked 
|  81|0x0000000087900000, 0x0000000087900000, 0x0000000087a00000|  0%| F|  |TAMS 0x0000000087900000, 0x0000000087900000| Untracked 
|  82|0x0000000087a00000, 0x0000000087a00000, 0x0000000087b00000|  0%| F|  |TAMS 0x0000000087a00000, 0x0000000087a00000| Untracked 
|  83|0x0000000087b00000, 0x0000000087b00000, 0x0000000087c00000|  0%| F|  |TAMS 0x0000000087b00000, 0x0000000087b00000| Untracked 
|  84|0x0000000087c00000, 0x0000000087c00000, 0x0000000087d00000|  0%| F|  |TAMS 0x0000000087c00000, 0x0000000087c00000| Untracked 
|  85|0x0000000087d00000, 0x0000000087d00000, 0x0000000087e00000|  0%| F|  |TAMS 0x0000000087d00000, 0x0000000087d00000| Untracked 
|  86|0x0000000087e00000, 0x0000000087e00000, 0x0000000087f00000|  0%| F|  |TAMS 0x0000000087e00000, 0x0000000087e00000| Untracked 
|  87|0x0000000087f00000, 0x0000000087f00000, 0x0000000088000000|  0%| F|  |TAMS 0x0000000087f00000, 0x0000000087f00000| Untracked 
|  88|0x0000000088000000, 0x0000000088000000, 0x0000000088100000|  0%| F|  |TAMS 0x0000000088000000, 0x0000000088000000| Untracked 
|  89|0x0000000088100000, 0x0000000088200000, 0x0000000088200000|100%|HS|  |TAMS 0x0000000088100000, 0x0000000088200000| Complete 
|  90|0x0000000088200000, 0x0000000088300000, 0x0000000088300000|100%|HC|  |TAMS 0x0000000088200000, 0x0000000088300000| Complete 
|  91|0x0000000088300000, 0x0000000088400000, 0x0000000088400000|100%|HC|  |TAMS 0x0000000088300000, 0x0000000088400000| Complete 
|  92|0x0000000088400000, 0x0000000088500000, 0x0000000088500000|100%|HC|  |TAMS 0x0000000088400000, 0x0000000088500000| Complete 
|  93|0x0000000088500000, 0x0000000088600000, 0x0000000088600000|100%|HC|  |TAMS 0x0000000088500000, 0x0000000088600000| Complete 
|  94|0x0000000088600000, 0x0000000088700000, 0x0000000088700000|100%|HC|  |TAMS 0x0000000088600000, 0x0000000088700000| Complete 
|  95|0x0000000088700000, 0x0000000088800000, 0x0000000088800000|100%|HC|  |TAMS 0x0000000088700000, 0x0000000088800000| Complete 
|  96|0x0000000088800000, 0x0000000088900000, 0x0000000088900000|100%|HC|  |TAMS 0x0000000088800000, 0x0000000088900000| Complete 
|  97|0x0000000088900000, 0x0000000088a00000, 0x0000000088a00000|100%|HC|  |TAMS 0x0000000088900000, 0x0000000088a00000| Complete 
|  98|0x0000000088a00000, 0x0000000088b00000, 0x0000000088b00000|100%|HC|  |TAMS 0x0000000088a00000, 0x0000000088b00000| Complete 
|  99|0x0000000088b00000, 0x0000000088c00000, 0x0000000088c00000|100%|HC|  |TAMS 0x0000000088b00000, 0x0000000088c00000| Complete 
| 100|0x0000000088c00000, 0x0000000088d00000, 0x0000000088d00000|100%|HC|  |TAMS 0x0000000088c00000, 0x0000000088d00000| Complete 
| 101|0x0000000088d00000, 0x0000000088e00000, 0x0000000088e00000|100%|HC|  |TAMS 0x0000000088d00000, 0x0000000088e00000| Complete 
| 102|0x0000000088e00000, 0x0000000088f00000, 0x0000000088f00000|100%|HC|  |TAMS 0x0000000088e00000, 0x0000000088f00000| Complete 
| 103|0x0000000088f00000, 0x0000000089000000, 0x0000000089000000|100%|HC|  |TAMS 0x0000000088f00000, 0x0000000089000000| Complete 
| 104|0x0000000089000000, 0x0000000089100000, 0x0000000089100000|100%|HC|  |TAMS 0x0000000089000000, 0x0000000089100000| Complete 
| 105|0x0000000089100000, 0x0000000089200000, 0x0000000089200000|100%|HC|  |TAMS 0x0000000089100000, 0x0000000089200000| Complete 
| 106|0x0000000089200000, 0x0000000089300000, 0x0000000089300000|100%|HC|  |TAMS 0x0000000089200000, 0x0000000089300000| Complete 
| 107|0x0000000089300000, 0x0000000089400000, 0x0000000089400000|100%|HC|  |TAMS 0x0000000089300000, 0x0000000089400000| Complete 
| 108|0x0000000089400000, 0x0000000089500000, 0x0000000089500000|100%|HC|  |TAMS 0x0000000089400000, 0x0000000089500000| Complete 
| 109|0x0000000089500000, 0x0000000089600000, 0x0000000089600000|100%|HC|  |TAMS 0x0000000089500000, 0x0000000089600000| Complete 
| 110|0x0000000089600000, 0x0000000089700000, 0x0000000089700000|100%|HC|  |TAMS 0x0000000089600000, 0x0000000089700000| Complete 
| 111|0x0000000089700000, 0x0000000089800000, 0x0000000089800000|100%|HC|  |TAMS 0x0000000089700000, 0x0000000089800000| Complete 
| 112|0x0000000089800000, 0x0000000089900000, 0x0000000089900000|100%|HC|  |TAMS 0x0000000089800000, 0x0000000089900000| Complete 
| 113|0x0000000089900000, 0x0000000089a00000, 0x0000000089a00000|100%|HC|  |TAMS 0x0000000089900000, 0x0000000089a00000| Complete 
| 114|0x0000000089a00000, 0x0000000089b00000, 0x0000000089b00000|100%|HC|  |TAMS 0x0000000089a00000, 0x0000000089b00000| Complete 
| 115|0x0000000089b00000, 0x0000000089c00000, 0x0000000089c00000|100%|HC|  |TAMS 0x0000000089b00000, 0x0000000089c00000| Complete 
| 116|0x0000000089c00000, 0x0000000089d00000, 0x0000000089d00000|100%|HC|  |TAMS 0x0000000089c00000, 0x0000000089d00000| Complete 
| 117|0x0000000089d00000, 0x0000000089e00000, 0x0000000089e00000|100%|HC|  |TAMS 0x0000000089d00000, 0x0000000089e00000| Complete 
| 118|0x0000000089e00000, 0x0000000089f00000, 0x0000000089f00000|100%|HC|  |TAMS 0x0000000089e00000, 0x0000000089f00000| Complete 
| 119|0x0000000089f00000, 0x000000008a000000, 0x000000008a000000|100%|HC|  |TAMS 0x0000000089f00000, 0x000000008a000000| Complete 
| 120|0x000000008a000000, 0x000000008a100000, 0x000000008a100000|100%|HC|  |TAMS 0x000000008a000000, 0x000000008a100000| Complete 
| 121|0x000000008a100000, 0x000000008a200000, 0x000000008a200000|100%|HC|  |TAMS 0x000000008a100000, 0x000000008a200000| Complete 
| 122|0x000000008a200000, 0x000000008a300000, 0x000000008a300000|100%|HC|  |TAMS 0x000000008a200000, 0x000000008a300000| Complete 
| 123|0x000000008a300000, 0x000000008a400000, 0x000000008a400000|100%|HC|  |TAMS 0x000000008a300000, 0x000000008a400000| Complete 
| 124|0x000000008a400000, 0x000000008a500000, 0x000000008a500000|100%|HC|  |TAMS 0x000000008a400000, 0x000000008a500000| Complete 
| 125|0x000000008a500000, 0x000000008a600000, 0x000000008a600000|100%|HC|  |TAMS 0x000000008a500000, 0x000000008a600000| Complete 
| 126|0x000000008a600000, 0x000000008a700000, 0x000000008a700000|100%|HC|  |TAMS 0x000000008a600000, 0x000000008a700000| Complete 
| 127|0x000000008a700000, 0x000000008a800000, 0x000000008a800000|100%|HC|  |TAMS 0x000000008a700000, 0x000000008a800000| Complete 
| 128|0x000000008a800000, 0x000000008a800000, 0x000000008a900000|  0%| F|  |TAMS 0x000000008a800000, 0x000000008a800000| Untracked 
| 129|0x000000008a900000, 0x000000008a900000, 0x000000008aa00000|  0%| F|  |TAMS 0x000000008a900000, 0x000000008a900000| Untracked 
| 130|0x000000008aa00000, 0x000000008aa00000, 0x000000008ab00000|  0%| F|  |TAMS 0x000000008aa00000, 0x000000008aa00000| Untracked 
| 131|0x000000008ab00000, 0x000000008ab00000, 0x000000008ac00000|  0%| F|  |TAMS 0x000000008ab00000, 0x000000008ab00000| Untracked 
| 132|0x000000008ac00000, 0x000000008ac00000, 0x000000008ad00000|  0%| F|  |TAMS 0x000000008ac00000, 0x000000008ac00000| Untracked 
| 133|0x000000008ad00000, 0x000000008ad00000, 0x000000008ae00000|  0%| F|  |TAMS 0x000000008ad00000, 0x000000008ad00000| Untracked 
| 134|0x000000008ae00000, 0x000000008ae00000, 0x000000008af00000|  0%| F|  |TAMS 0x000000008ae00000, 0x000000008ae00000| Untracked 
| 135|0x000000008af00000, 0x000000008af00000, 0x000000008b000000|  0%| F|  |TAMS 0x000000008af00000, 0x000000008af00000| Untracked 
| 136|0x000000008b000000, 0x000000008b000000, 0x000000008b100000|  0%| F|  |TAMS 0x000000008b000000, 0x000000008b000000| Untracked 
| 137|0x000000008b100000, 0x000000008b100000, 0x000000008b200000|  0%| F|  |TAMS 0x000000008b100000, 0x000000008b100000| Untracked 
| 138|0x000000008b200000, 0x000000008b200000, 0x000000008b300000|  0%| F|  |TAMS 0x000000008b200000, 0x000000008b200000| Untracked 
| 139|0x000000008b300000, 0x000000008b300000, 0x000000008b400000|  0%| F|  |TAMS 0x000000008b300000, 0x000000008b300000| Untracked 
| 140|0x000000008b400000, 0x000000008b400000, 0x000000008b500000|  0%| F|  |TAMS 0x000000008b400000, 0x000000008b400000| Untracked 
| 141|0x000000008b500000, 0x000000008b500000, 0x000000008b600000|  0%| F|  |TAMS 0x000000008b500000, 0x000000008b500000| Untracked 
| 142|0x000000008b600000, 0x000000008b600000, 0x000000008b700000|  0%| F|  |TAMS 0x000000008b600000, 0x000000008b600000| Untracked 
| 143|0x000000008b700000, 0x000000008b700000, 0x000000008b800000|  0%| F|  |TAMS 0x000000008b700000, 0x000000008b700000| Untracked 
| 144|0x000000008b800000, 0x000000008b800000, 0x000000008b900000|  0%| F|  |TAMS 0x000000008b800000, 0x000000008b800000| Untracked 
| 145|0x000000008b900000, 0x000000008b900000, 0x000000008ba00000|  0%| F|  |TAMS 0x000000008b900000, 0x000000008b900000| Untracked 
| 146|0x000000008ba00000, 0x000000008ba00000, 0x000000008bb00000|  0%| F|  |TAMS 0x000000008ba00000, 0x000000008ba00000| Untracked 
| 147|0x000000008bb00000, 0x000000008bb00000, 0x000000008bc00000|  0%| F|  |TAMS 0x000000008bb00000, 0x000000008bb00000| Untracked 
| 148|0x000000008bc00000, 0x000000008bc00000, 0x000000008bd00000|  0%| F|  |TAMS 0x000000008bc00000, 0x000000008bc00000| Untracked 
| 149|0x000000008bd00000, 0x000000008bd00000, 0x000000008be00000|  0%| F|  |TAMS 0x000000008bd00000, 0x000000008bd00000| Untracked 
| 150|0x000000008be00000, 0x000000008be00000, 0x000000008bf00000|  0%| F|  |TAMS 0x000000008be00000, 0x000000008be00000| Untracked 
| 151|0x000000008bf00000, 0x000000008bf00000, 0x000000008c000000|  0%| F|  |TAMS 0x000000008bf00000, 0x000000008bf00000| Untracked 
| 152|0x000000008c000000, 0x000000008c000000, 0x000000008c100000|  0%| F|  |TAMS 0x000000008c000000, 0x000000008c000000| Untracked 
| 153|0x000000008c100000, 0x000000008c100000, 0x000000008c200000|  0%| F|  |TAMS 0x000000008c100000, 0x000000008c100000| Untracked 
| 154|0x000000008c200000, 0x000000008c200000, 0x000000008c300000|  0%| F|  |TAMS 0x000000008c200000, 0x000000008c200000| Untracked 
| 155|0x000000008c300000, 0x000000008c300000, 0x000000008c400000|  0%| F|  |TAMS 0x000000008c300000, 0x000000008c300000| Untracked 
| 156|0x000000008c400000, 0x000000008c400000, 0x000000008c500000|  0%| F|  |TAMS 0x000000008c400000, 0x000000008c400000| Untracked 
| 157|0x000000008c500000, 0x000000008c500000, 0x000000008c600000|  0%| F|  |TAMS 0x000000008c500000, 0x000000008c500000| Untracked 
| 158|0x000000008c600000, 0x000000008c600000, 0x000000008c700000|  0%| F|  |TAMS 0x000000008c600000, 0x000000008c600000| Untracked 
| 159|0x000000008c700000, 0x000000008c700000, 0x000000008c800000|  0%| F|  |TAMS 0x000000008c700000, 0x000000008c700000| Untracked 
| 160|0x000000008c800000, 0x000000008c800000, 0x000000008c900000|  0%| F|  |TAMS 0x000000008c800000, 0x000000008c800000| Untracked 
| 161|0x000000008c900000, 0x000000008c900000, 0x000000008ca00000|  0%| F|  |TAMS 0x000000008c900000, 0x000000008c900000| Untracked 
| 162|0x000000008ca00000, 0x000000008ca00000, 0x000000008cb00000|  0%| F|  |TAMS 0x000000008ca00000, 0x000000008ca00000| Untracked 
| 163|0x000000008cb00000, 0x000000008cb00000, 0x000000008cc00000|  0%| F|  |TAMS 0x000000008cb00000, 0x000000008cb00000| Untracked 
| 164|0x000000008cc00000, 0x000000008cc00000, 0x000000008cd00000|  0%| F|  |TAMS 0x000000008cc00000, 0x000000008cc00000| Untracked 
| 165|0x000000008cd00000, 0x000000008cd00000, 0x000000008ce00000|  0%| F|  |TAMS 0x000000008cd00000, 0x000000008cd00000| Untracked 
| 166|0x000000008ce00000, 0x000000008ce00000, 0x000000008cf00000|  0%| F|  |TAMS 0x000000008ce00000, 0x000000008ce00000| Untracked 
| 167|0x000000008cf00000, 0x000000008cf00000, 0x000000008d000000|  0%| F|  |TAMS 0x000000008cf00000, 0x000000008cf00000| Untracked 
| 168|0x000000008d000000, 0x000000008d000000, 0x000000008d100000|  0%| F|  |TAMS 0x000000008d000000, 0x000000008d000000| Untracked 
| 169|0x000000008d100000, 0x000000008d100000, 0x000000008d200000|  0%| F|  |TAMS 0x000000008d100000, 0x000000008d100000| Untracked 
| 170|0x000000008d200000, 0x000000008d200000, 0x000000008d300000|  0%| F|  |TAMS 0x000000008d200000, 0x000000008d200000| Untracked 
| 171|0x000000008d300000, 0x000000008d300000, 0x000000008d400000|  0%| F|  |TAMS 0x000000008d300000, 0x000000008d300000| Untracked 
| 172|0x000000008d400000, 0x000000008d400000, 0x000000008d500000|  0%| F|  |TAMS 0x000000008d400000, 0x000000008d400000| Untracked 
| 173|0x000000008d500000, 0x000000008d500000, 0x000000008d600000|  0%| F|  |TAMS 0x000000008d500000, 0x000000008d500000| Untracked 
| 174|0x000000008d600000, 0x000000008d600000, 0x000000008d700000|  0%| F|  |TAMS 0x000000008d600000, 0x000000008d600000| Untracked 
| 175|0x000000008d700000, 0x000000008d700000, 0x000000008d800000|  0%| F|  |TAMS 0x000000008d700000, 0x000000008d700000| Untracked 
| 176|0x000000008d800000, 0x000000008d800000, 0x000000008d900000|  0%| F|  |TAMS 0x000000008d800000, 0x000000008d800000| Untracked 
| 177|0x000000008d900000, 0x000000008d900000, 0x000000008da00000|  0%| F|  |TAMS 0x000000008d900000, 0x000000008d900000| Untracked 
| 178|0x000000008da00000, 0x000000008da00000, 0x000000008db00000|  0%| F|  |TAMS 0x000000008da00000, 0x000000008da00000| Untracked 
| 179|0x000000008db00000, 0x000000008db00000, 0x000000008dc00000|  0%| F|  |TAMS 0x000000008db00000, 0x000000008db00000| Untracked 
| 180|0x000000008dc00000, 0x000000008dc00000, 0x000000008dd00000|  0%| F|  |TAMS 0x000000008dc00000, 0x000000008dc00000| Untracked 
| 181|0x000000008dd00000, 0x000000008dd00000, 0x000000008de00000|  0%| F|  |TAMS 0x000000008dd00000, 0x000000008dd00000| Untracked 
| 182|0x000000008de00000, 0x000000008de00000, 0x000000008df00000|  0%| F|  |TAMS 0x000000008de00000, 0x000000008de00000| Untracked 
| 183|0x000000008df00000, 0x000000008df00000, 0x000000008e000000|  0%| F|  |TAMS 0x000000008df00000, 0x000000008df00000| Untracked 
| 184|0x000000008e000000, 0x000000008e000000, 0x000000008e100000|  0%| F|  |TAMS 0x000000008e000000, 0x000000008e000000| Untracked 
| 185|0x000000008e100000, 0x000000008e100000, 0x000000008e200000|  0%| F|  |TAMS 0x000000008e100000, 0x000000008e100000| Untracked 
| 186|0x000000008e200000, 0x000000008e200000, 0x000000008e300000|  0%| F|  |TAMS 0x000000008e200000, 0x000000008e200000| Untracked 
| 187|0x000000008e300000, 0x000000008e300000, 0x000000008e400000|  0%| F|  |TAMS 0x000000008e300000, 0x000000008e300000| Untracked 
| 188|0x000000008e400000, 0x000000008e400000, 0x000000008e500000|  0%| F|  |TAMS 0x000000008e400000, 0x000000008e400000| Untracked 
| 189|0x000000008e500000, 0x000000008e500000, 0x000000008e600000|  0%| F|  |TAMS 0x000000008e500000, 0x000000008e500000| Untracked 
| 190|0x000000008e600000, 0x000000008e600000, 0x000000008e700000|  0%| F|  |TAMS 0x000000008e600000, 0x000000008e600000| Untracked 
| 191|0x000000008e700000, 0x000000008e700000, 0x000000008e800000|  0%| F|  |TAMS 0x000000008e700000, 0x000000008e700000| Untracked 
| 192|0x000000008e800000, 0x000000008e800000, 0x000000008e900000|  0%| F|  |TAMS 0x000000008e800000, 0x000000008e800000| Untracked 
| 193|0x000000008e900000, 0x000000008e900000, 0x000000008ea00000|  0%| F|  |TAMS 0x000000008e900000, 0x000000008e900000| Untracked 
| 194|0x000000008ea00000, 0x000000008ea00000, 0x000000008eb00000|  0%| F|  |TAMS 0x000000008ea00000, 0x000000008ea00000| Untracked 
| 195|0x000000008eb00000, 0x000000008eb00000, 0x000000008ec00000|  0%| F|  |TAMS 0x000000008eb00000, 0x000000008eb00000| Untracked 
| 196|0x000000008ec00000, 0x000000008ec00000, 0x000000008ed00000|  0%| F|  |TAMS 0x000000008ec00000, 0x000000008ec00000| Untracked 
| 197|0x000000008ed00000, 0x000000008ed00000, 0x000000008ee00000|  0%| F|  |TAMS 0x000000008ed00000, 0x000000008ed00000| Untracked 
| 198|0x000000008ee00000, 0x000000008ee00000, 0x000000008ef00000|  0%| F|  |TAMS 0x000000008ee00000, 0x000000008ee00000| Untracked 
| 199|0x000000008ef00000, 0x000000008ef00000, 0x000000008f000000|  0%| F|  |TAMS 0x000000008ef00000, 0x000000008ef00000| Untracked 
| 200|0x000000008f000000, 0x000000008f000000, 0x000000008f100000|  0%| F|  |TAMS 0x000000008f000000, 0x000000008f000000| Untracked 
| 201|0x000000008f100000, 0x000000008f100000, 0x000000008f200000|  0%| F|  |TAMS 0x000000008f100000, 0x000000008f100000| Untracked 
| 202|0x000000008f200000, 0x000000008f200000, 0x000000008f300000|  0%| F|  |TAMS 0x000000008f200000, 0x000000008f200000| Untracked 
| 203|0x000000008f300000, 0x000000008f300000, 0x000000008f400000|  0%| F|  |TAMS 0x000000008f300000, 0x000000008f300000| Untracked 
| 204|0x000000008f400000, 0x000000008f400000, 0x000000008f500000|  0%| F|  |TAMS 0x000000008f400000, 0x000000008f400000| Untracked 
| 205|0x000000008f500000, 0x000000008f500000, 0x000000008f600000|  0%| F|  |TAMS 0x000000008f500000, 0x000000008f500000| Untracked 
| 206|0x000000008f600000, 0x000000008f600000, 0x000000008f700000|  0%| F|  |TAMS 0x000000008f600000, 0x000000008f600000| Untracked 
| 207|0x000000008f700000, 0x000000008f700000, 0x000000008f800000|  0%| F|  |TAMS 0x000000008f700000, 0x000000008f700000| Untracked 
| 208|0x000000008f800000, 0x000000008f800000, 0x000000008f900000|  0%| F|  |TAMS 0x000000008f800000, 0x000000008f800000| Untracked 
| 209|0x000000008f900000, 0x000000008f900000, 0x000000008fa00000|  0%| F|  |TAMS 0x000000008f900000, 0x000000008f900000| Untracked 
| 210|0x000000008fa00000, 0x000000008fa00000, 0x000000008fb00000|  0%| F|  |TAMS 0x000000008fa00000, 0x000000008fa00000| Untracked 
| 211|0x000000008fb00000, 0x000000008fb00000, 0x000000008fc00000|  0%| F|  |TAMS 0x000000008fb00000, 0x000000008fb00000| Untracked 
| 212|0x000000008fc00000, 0x000000008fc00000, 0x000000008fd00000|  0%| F|  |TAMS 0x000000008fc00000, 0x000000008fc00000| Untracked 
| 213|0x000000008fd00000, 0x000000008fd00000, 0x000000008fe00000|  0%| F|  |TAMS 0x000000008fd00000, 0x000000008fd00000| Untracked 
| 214|0x000000008fe00000, 0x000000008fe00000, 0x000000008ff00000|  0%| F|  |TAMS 0x000000008fe00000, 0x000000008fe00000| Untracked 
| 215|0x000000008ff00000, 0x000000008ff00000, 0x0000000090000000|  0%| F|  |TAMS 0x000000008ff00000, 0x000000008ff00000| Untracked 
| 216|0x0000000090000000, 0x0000000090000000, 0x0000000090100000|  0%| F|  |TAMS 0x0000000090000000, 0x0000000090000000| Untracked 
| 217|0x0000000090100000, 0x0000000090100000, 0x0000000090200000|  0%| F|  |TAMS 0x0000000090100000, 0x0000000090100000| Untracked 
| 218|0x0000000090200000, 0x0000000090200000, 0x0000000090300000|  0%| F|  |TAMS 0x0000000090200000, 0x0000000090200000| Untracked 
| 219|0x0000000090300000, 0x0000000090300000, 0x0000000090400000|  0%| F|  |TAMS 0x0000000090300000, 0x0000000090300000| Untracked 
| 220|0x0000000090400000, 0x0000000090400000, 0x0000000090500000|  0%| F|  |TAMS 0x0000000090400000, 0x0000000090400000| Untracked 
| 221|0x0000000090500000, 0x0000000090500000, 0x0000000090600000|  0%| F|  |TAMS 0x0000000090500000, 0x0000000090500000| Untracked 
| 222|0x0000000090600000, 0x0000000090600000, 0x0000000090700000|  0%| F|  |TAMS 0x0000000090600000, 0x0000000090600000| Untracked 
| 223|0x0000000090700000, 0x0000000090700000, 0x0000000090800000|  0%| F|  |TAMS 0x0000000090700000, 0x0000000090700000| Untracked 
| 224|0x0000000090800000, 0x0000000090800000, 0x0000000090900000|  0%| F|  |TAMS 0x0000000090800000, 0x0000000090800000| Untracked 
| 225|0x0000000090900000, 0x0000000090900000, 0x0000000090a00000|  0%| F|  |TAMS 0x0000000090900000, 0x0000000090900000| Untracked 
| 226|0x0000000090a00000, 0x0000000090a49ad0, 0x0000000090b00000| 28%| S|CS|TAMS 0x0000000090a00000, 0x0000000090a00000| Complete 
| 227|0x0000000090b00000, 0x0000000090c00000, 0x0000000090c00000|100%| S|CS|TAMS 0x0000000090b00000, 0x0000000090b00000| Complete 
| 228|0x0000000090c00000, 0x0000000090d00000, 0x0000000090d00000|100%| S|CS|TAMS 0x0000000090c00000, 0x0000000090c00000| Complete 
| 229|0x0000000090d00000, 0x0000000090d00000, 0x0000000090e00000|  0%| F|  |TAMS 0x0000000090d00000, 0x0000000090d00000| Untracked 
|2007|0x00000000fff00000, 0x0000000100000000, 0x0000000100000000|100%| O|  |TAMS 0x00000000fff00000, 0x0000000100000000| Untracked 

Card table byte_map: [0x0000015a75740000,0x0000015a75b30000] _byte_map_base: 0x0000015a7532c000

Marking Bits (Prev, Next): (CMBitMap*) 0x0000015a71ada860, (CMBitMap*) 0x0000015a71ada8a0
 Prev Bits: [0x0000015a75f20000, 0x0000015a77e80000)
 Next Bits: [0x0000015a77e80000, 0x0000015a79de0000)

Polling page: 0x0000015a6f9c0000

Metaspace:

Usage:
  Non-class:     16.56 MB used.
      Class:      1.67 MB used.
       Both:     18.22 MB used.

Virtual space:
  Non-class space:       24.00 MB reserved,      16.69 MB ( 70%) committed,  3 nodes.
      Class space:        1.00 GB reserved,       1.75 MB ( <1%) committed,  1 nodes.
              Both:        1.02 GB reserved,      18.44 MB (  2%) committed. 

Chunk freelists:
   Non-Class:  2.98 MB
       Class:  2.15 MB
        Both:  5.13 MB

MaxMetaspaceSize: 17179869184.00 GB
CompressedClassSpaceSize: 1.00 GB
 - commit_granule_bytes: 65536.
 - commit_granule_words: 8192.
 - virtual_space_node_default_size: 1048576.
 - enlarge_chunks_in_place: 1.
 - new_chunks_are_fully_committed: 0.
 - uncommit_free_chunks: 1.
 - use_allocation_guard: 0.
 - handle_deallocations: 1.


Internal statistics:

num_allocs_failed_limit: 0.
num_arena_births: 68.
num_arena_deaths: 0.
num_vsnodes_births: 4.
num_vsnodes_deaths: 0.
num_space_committed: 295.
num_space_uncommitted: 0.
num_chunks_returned_to_freelist: 0.
num_chunks_taken_from_freelist: 211.
num_chunk_merges: 0.
num_chunk_splits: 105.
num_chunks_enlarged: 64.
num_purges: 0.

CodeHeap 'non-profiled nmethods': size=120000Kb used=2461Kb max_used=3057Kb free=117538Kb
 bounds [0x0000015a07ad0000, 0x0000015a07dd0000, 0x0000015a0f000000]
CodeHeap 'profiled nmethods': size=120000Kb used=5833Kb max_used=7883Kb free=114167Kb
 bounds [0x0000015a005a0000, 0x0000015a00d60000, 0x0000015a07ad0000]
CodeHeap 'non-nmethods': size=5760Kb used=1190Kb max_used=1289Kb free=4569Kb
 bounds [0x0000015a00000000, 0x0000015a00270000, 0x0000015a005a0000]
 total_blobs=3415 nmethods=2942 adapters=385
 compilation: enabled
              stopped_count=0, restarted_count=0
 full_count=0

Compilation events (20 events):
Event: 53.915 Thread 0x0000015a7d416ba0 nmethod 3875 0x0000015a009fb390 code [0x0000015a009fb5c0, 0x0000015a009fc048]
Event: 53.927 Thread 0x0000015a7d416ba0 3876 %     3       textprocessing.BoyerMoore::<init> @ 30 (76 bytes)
Event: 53.928 Thread 0x0000015a7d416ba0 nmethod 3876% 0x0000015a005f6c10 code [0x0000015a005f6e60, 0x0000015a005f7958]
Event: 53.928 Thread 0x0000015a7d92ff00 3877 %     4       textprocessing.BoyerMoore::<init> @ 30 (76 bytes)
Event: 53.940 Thread 0x0000015a7d92ff00 nmethod 3877% 0x0000015a07d19690 code [0x0000015a07d19820, 0x0000015a07d19d18]
Event: 53.949 Thread 0x0000015a7d92ff00 3878       4       textprocessing.BoyerMoore::<init> (76 bytes)
Event: 53.956 Thread 0x0000015a7d415240 3879       4       java.lang.CharacterData00::getProperties (32 bytes)
Event: 53.957 Thread 0x0000015a7d416ba0 3880       3       java.lang.Character::toLowerCase (9 bytes)
Event: 53.958 Thread 0x0000015a7d415240 nmethod 3879 0x0000015a07bde990 code [0x0000015a07bdeb20, 0x0000015a07bdec38]
Event: 53.960 Thread 0x0000015a7d416ba0 nmethod 3880 0x0000015a00884610 code [0x0000015a008847c0, 0x0000015a008849b8]
Event: 53.960 Thread 0x0000015a7d416ba0 3881       3       java.lang.CharacterData::of (124 bytes)
Event: 53.960 Thread 0x0000015a7d416ba0 nmethod 3881 0x0000015a00630c90 code [0x0000015a00630ea0, 0x0000015a00631678]
Event: 53.966 Thread 0x0000015a7d92ff00 nmethod 3878 0x0000015a07c73290 code [0x0000015a07c73420, 0x0000015a07c73bd8]
Event: 53.969 Thread 0x0000015a7d415240 3882 %     4       java.lang.StringUTF16::toLowerCase @ 158 (299 bytes)
Event: 53.969 Thread 0x0000015a7d92ff00 3883       4       java.lang.CharacterData::of (124 bytes)
Event: 53.971 Thread 0x0000015a7d92ff00 nmethod 3883 0x0000015a07c72f10 code [0x0000015a07c730a0, 0x0000015a07c731b8]
Event: 53.972 Thread 0x0000015a7d92ff00 3884       4       java.lang.Character::toLowerCase (9 bytes)
Event: 53.975 Thread 0x0000015a7d92ff00 nmethod 3884 0x0000015a07cc1e90 code [0x0000015a07cc2020, 0x0000015a07cc21f8]
Event: 53.977 Thread 0x0000015a7d415240 nmethod 3882% 0x0000015a07b81690 code [0x0000015a07b81860, 0x0000015a07b81d58]
Event: 53.982 Thread 0x0000015a7d415240 3885       4       java.lang.StringUTF16::toLowerCase (299 bytes)

GC Heap History (20 events):
Event: 25.520 GC heap after
{Heap after GC invocations=23 (full 0):
 garbage-first heap   total 236544K, used 30006K [0x0000000082800000, 0x0000000100000000)
  region size 1024K, 11 young (11264K), 11 survivors (11264K)
 Metaspace       used 17493K, committed 17728K, reserved 1064960K
  class space    used 1635K, committed 1728K, reserved 1048576K
}
Event: 30.032 GC heap before
{Heap before GC invocations=23 (full 0):
 garbage-first heap   total 236544K, used 164150K [0x0000000082800000, 0x0000000100000000)
  region size 1024K, 138 young (141312K), 11 survivors (11264K)
 Metaspace       used 17610K, committed 17792K, reserved 1064960K
  class space    used 1636K, committed 1728K, reserved 1048576K
}
Event: 30.037 GC heap after
{Heap after GC invocations=24 (full 0):
 garbage-first heap   total 236544K, used 30999K [0x0000000082800000, 0x0000000100000000)
  region size 1024K, 10 young (10240K), 10 survivors (10240K)
 Metaspace       used 17610K, committed 17792K, reserved 1064960K
  class space    used 1636K, committed 1728K, reserved 1048576K
}
Event: 35.688 GC heap before
{Heap before GC invocations=24 (full 0):
 garbage-first heap   total 236544K, used 162071K [0x0000000082800000, 0x0000000100000000)
  region size 1024K, 138 young (141312K), 10 survivors (10240K)
 Metaspace       used 17773K, committed 17920K, reserved 1064960K
  class space    used 1636K, committed 1728K, reserved 1048576K
}
Event: 35.692 GC heap after
{Heap after GC invocations=25 (full 0):
 garbage-first heap   total 236544K, used 29175K [0x0000000082800000, 0x0000000100000000)
  region size 1024K, 7 young (7168K), 7 survivors (7168K)
 Metaspace       used 17773K, committed 17920K, reserved 1064960K
  class space    used 1636K, committed 1728K, reserved 1048576K
}
Event: 42.530 GC heap before
{Heap before GC invocations=25 (full 0):
 garbage-first heap   total 236544K, used 189943K [0x0000000082800000, 0x0000000100000000)
  region size 1024K, 138 young (141312K), 7 survivors (7168K)
 Metaspace       used 17809K, committed 17984K, reserved 1064960K
  class space    used 1638K, committed 1728K, reserved 1048576K
}
Event: 42.538 GC heap after
{Heap after GC invocations=26 (full 0):
 garbage-first heap   total 236544K, used 41070K [0x0000000082800000, 0x0000000100000000)
  region size 1024K, 15 young (15360K), 15 survivors (15360K)
 Metaspace       used 17809K, committed 17984K, reserved 1064960K
  class space    used 1638K, committed 1728K, reserved 1048576K
}
Event: 46.338 GC heap before
{Heap before GC invocations=26 (full 0):
 garbage-first heap   total 236544K, used 167022K [0x0000000082800000, 0x0000000100000000)
  region size 1024K, 138 young (141312K), 15 survivors (15360K)
 Metaspace       used 17868K, committed 18048K, reserved 1064960K
  class space    used 1638K, committed 1728K, reserved 1048576K
}
Event: 46.345 GC heap after
{Heap after GC invocations=27 (full 0):
 garbage-first heap   total 236544K, used 30813K [0x0000000082800000, 0x0000000100000000)
  region size 1024K, 5 young (5120K), 5 survivors (5120K)
 Metaspace       used 17868K, committed 18048K, reserved 1064960K
  class space    used 1638K, committed 1728K, reserved 1048576K
}
Event: 53.909 GC heap before
{Heap before GC invocations=27 (full 0):
 garbage-first heap   total 236544K, used 204893K [0x0000000082800000, 0x0000000100000000)
  region size 1024K, 137 young (140288K), 5 survivors (5120K)
 Metaspace       used 18642K, committed 18816K, reserved 1073152K
  class space    used 1705K, committed 1792K, reserved 1048576K
}
Event: 53.912 GC heap after
{Heap after GC invocations=28 (full 0):
 garbage-first heap   total 236544K, used 70265K [0x0000000082800000, 0x0000000100000000)
  region size 1024K, 4 young (4096K), 4 survivors (4096K)
 Metaspace       used 18642K, committed 18816K, reserved 1073152K
  class space    used 1705K, committed 1792K, reserved 1048576K
}
Event: 53.922 GC heap before
{Heap before GC invocations=28 (full 0):
 garbage-first heap   total 236544K, used 110201K [0x0000000082800000, 0x0000000100000000)
  region size 1024K, 5 young (5120K), 4 survivors (4096K)
 Metaspace       used 18646K, committed 18816K, reserved 1073152K
  class space    used 1705K, committed 1792K, reserved 1048576K
}
Event: 53.924 GC heap after
{Heap after GC invocations=29 (full 0):
 garbage-first heap   total 236544K, used 68571K [0x0000000082800000, 0x0000000100000000)
  region size 1024K, 3 young (3072K), 3 survivors (3072K)
 Metaspace       used 18646K, committed 18816K, reserved 1073152K
  class space    used 1705K, committed 1792K, reserved 1048576K
}
Event: 53.944 GC heap before
{Heap before GC invocations=29 (full 0):
 garbage-first heap   total 236544K, used 108507K [0x0000000082800000, 0x0000000100000000)
  region size 1024K, 4 young (4096K), 3 survivors (3072K)
 Metaspace       used 18646K, committed 18816K, reserved 1073152K
  class space    used 1705K, committed 1792K, reserved 1048576K
}
Event: 53.946 GC heap after
{Heap after GC invocations=30 (full 0):
 garbage-first heap   total 236544K, used 68545K [0x0000000082800000, 0x0000000100000000)
  region size 1024K, 3 young (3072K), 3 survivors (3072K)
 Metaspace       used 18646K, committed 18816K, reserved 1073152K
  class space    used 1705K, committed 1792K, reserved 1048576K
}
Event: 53.958 GC heap before
{Heap before GC invocations=30 (full 0):
 garbage-first heap   total 236544K, used 108481K [0x0000000082800000, 0x0000000100000000)
  region size 1024K, 4 young (4096K), 3 survivors (3072K)
 Metaspace       used 18659K, committed 18880K, reserved 1073152K
  class space    used 1705K, committed 1792K, reserved 1048576K
}
Event: 53.959 GC heap after
{Heap after GC invocations=31 (full 0):
 garbage-first heap   total 236544K, used 68475K [0x0000000082800000, 0x0000000100000000)
  region size 1024K, 3 young (3072K), 3 survivors (3072K)
 Metaspace       used 18659K, committed 18880K, reserved 1073152K
  class space    used 1705K, committed 1792K, reserved 1048576K
}
Event: 53.970 GC heap before
{Heap before GC invocations=31 (full 0):
 garbage-first heap   total 236544K, used 108411K [0x0000000082800000, 0x0000000100000000)
  region size 1024K, 4 young (4096K), 3 survivors (3072K)
 Metaspace       used 18659K, committed 18880K, reserved 1073152K
  class space    used 1705K, committed 1792K, reserved 1048576K
}
Event: 53.972 GC heap after
{Heap after GC invocations=32 (full 0):
 garbage-first heap   total 236544K, used 68557K [0x0000000082800000, 0x0000000100000000)
  region size 1024K, 3 young (3072K), 3 survivors (3072K)
 Metaspace       used 18659K, committed 18880K, reserved 1073152K
  class space    used 1705K, committed 1792K, reserved 1048576K
}
Event: 53.982 GC heap before
{Heap before GC invocations=32 (full 0):
 garbage-first heap   total 236544K, used 108493K [0x0000000082800000, 0x0000000100000000)
  region size 1024K, 4 young (4096K), 3 survivors (3072K)
 Metaspace       used 18659K, committed 18880K, reserved 1073152K
  class space    used 1705K, committed 1792K, reserved 1048576K
}

Deoptimization events (20 events):
Event: 53.906 Thread 0x0000015a71a99e00 DEOPT PACKING pc=0x0000015a07cc2784 sp=0x00000005a15ff380
Event: 53.906 Thread 0x0000015a71a99e00 DEOPT UNPACKING pc=0x0000015a0004d72e sp=0x00000005a15ff340 mode 2
Event: 53.907 Thread 0x0000015a71a99e00 Uncommon trap: trap_request=0xffffff45 fr.pc=0x0000015a07b54a70 relative=0x0000000000000890
Event: 53.907 Thread 0x0000015a71a99e00 Uncommon trap: reason=unstable_if action=reinterpret pc=0x0000015a07b54a70 method=java.lang.String.toLowerCase(Ljava/util/Locale;)Ljava/lang/String; @ 4 c2
Event: 53.907 Thread 0x0000015a71a99e00 DEOPT PACKING pc=0x0000015a07b54a70 sp=0x00000005a15ff310
Event: 53.907 Thread 0x0000015a71a99e00 DEOPT UNPACKING pc=0x0000015a0004d72e sp=0x00000005a15ff300 mode 2
Event: 53.921 Thread 0x0000015a71a99e00 Uncommon trap: trap_request=0xffffff45 fr.pc=0x0000015a07d17e8c relative=0x00000000000002ec
Event: 53.921 Thread 0x0000015a71a99e00 Uncommon trap: reason=unstable_if action=reinterpret pc=0x0000015a07d17e8c method=textprocessing.BoyerMoore.<init>(Ljava/lang/String;)V @ 45 c2
Event: 53.921 Thread 0x0000015a71a99e00 DEOPT PACKING pc=0x0000015a07d17e8c sp=0x00000005a15ff380
Event: 53.921 Thread 0x0000015a71a99e00 DEOPT UNPACKING pc=0x0000015a0004d72e sp=0x00000005a15ff340 mode 2
Event: 53.940 Thread 0x0000015a71a99e00 DEOPT PACKING pc=0x0000015a005f7730 sp=0x00000005a15ff300
Event: 53.940 Thread 0x0000015a71a99e00 DEOPT UNPACKING pc=0x0000015a0004dece sp=0x00000005a15fe830 mode 0
Event: 53.956 Thread 0x0000015a71a99e00 Uncommon trap: trap_request=0xffffff45 fr.pc=0x0000015a07bdf0a0 relative=0x0000000000000100
Event: 53.956 Thread 0x0000015a71a99e00 Uncommon trap: reason=unstable_if action=reinterpret pc=0x0000015a07bdf0a0 method=java.lang.CharacterData.of(I)Ljava/lang/CharacterData; @ 15 c2
Event: 53.956 Thread 0x0000015a71a99e00 DEOPT PACKING pc=0x0000015a07bdf0a0 sp=0x00000005a15ff180
Event: 53.956 Thread 0x0000015a71a99e00 DEOPT UNPACKING pc=0x0000015a0004d72e sp=0x00000005a15ff0c0 mode 2
Event: 53.957 Thread 0x0000015a71a99e00 Uncommon trap: trap_request=0xffffff45 fr.pc=0x0000015a07cae374 relative=0x0000000000000054
Event: 53.957 Thread 0x0000015a71a99e00 Uncommon trap: reason=unstable_if action=reinterpret pc=0x0000015a07cae374 method=java.lang.CharacterData.of(I)Ljava/lang/CharacterData; @ 15 c2
Event: 53.957 Thread 0x0000015a71a99e00 DEOPT PACKING pc=0x0000015a07cae374 sp=0x00000005a15ff130
Event: 53.957 Thread 0x0000015a71a99e00 DEOPT UNPACKING pc=0x0000015a0004d72e sp=0x00000005a15ff0c0 mode 2

Classes unloaded (0 events):
No events

Classes redefined (0 events):
No events

Internal exceptions (20 events):
Event: 16.986 Thread 0x0000015a71a99e00 Exception <a 'java/lang/ClassNotFoundException'{0x000000008aa51e10}: sun/net/www/protocol/irc/Handler> (0x000000008aa51e10) 
thrown [t:\workspace\open\src\hotspot\share\classfile\systemDictionary.cpp, line 256]
Event: 22.610 Thread 0x0000015a71a99e00 Exception <a 'java/lang/ClassNotFoundException'{0x000000008ee95850}: sun/net/www/protocol/javascript/Handler> (0x000000008ee95850) 
thrown [t:\workspace\open\src\hotspot\share\classfile\systemDictionary.cpp, line 256]
Event: 23.478 Thread 0x0000015a71a99e00 Exception <a 'java/lang/ClassNotFoundException'{0x000000008ce2abf8}: sun/net/www/protocol/javascript/Handler> (0x000000008ce2abf8) 
thrown [t:\workspace\open\src\hotspot\share\classfile\systemDictionary.cpp, line 256]
Event: 28.219 Thread 0x0000015a71a99e00 Exception <a 'java/lang/ClassNotFoundException'{0x000000008c47c728}: sun/net/www/protocol/javascript/Handler> (0x000000008c47c728) 
thrown [t:\workspace\open\src\hotspot\share\classfile\systemDictionary.cpp, line 256]
Event: 35.029 Thread 0x0000015a71a99e00 Exception <a 'java/lang/ClassNotFoundException'{0x0000000089385f30}: sun/net/www/protocol/javascript/Handler> (0x0000000089385f30) 
thrown [t:\workspace\open\src\hotspot\share\classfile\systemDictionary.cpp, line 256]
Event: 35.296 Thread 0x0000015a71a99e00 Exception <a 'java/lang/ClassNotFoundException'{0x000000008901d340}: sun/net/www/protocol/javascript/Handler> (0x000000008901d340) 
thrown [t:\workspace\open\src\hotspot\share\classfile\systemDictionary.cpp, line 256]
Event: 35.483 Thread 0x0000015a71a99e00 Exception <a 'java/lang/ClassNotFoundException'{0x0000000088f969d0}: sun/net/www/protocol/javascript/Handler> (0x0000000088f969d0) 
thrown [t:\workspace\open\src\hotspot\share\classfile\systemDictionary.cpp, line 256]
Event: 35.644 Thread 0x0000015a71a99e00 Exception <a 'java/lang/ClassNotFoundException'{0x00000000885ef218}: sun/net/www/protocol/javascript/Handler> (0x00000000885ef218) 
thrown [t:\workspace\open\src\hotspot\share\classfile\systemDictionary.cpp, line 256]
Event: 37.810 Thread 0x0000015a71a99e00 Exception <a 'java/lang/ClassNotFoundException'{0x000000008d48d478}: sun/net/www/protocol/javascript/Handler> (0x000000008d48d478) 
thrown [t:\workspace\open\src\hotspot\share\classfile\systemDictionary.cpp, line 256]
Event: 38.035 Thread 0x0000015a71a99e00 Exception <a 'java/lang/ClassNotFoundException'{0x000000008bd55ee0}: sun/net/www/protocol/javascript/Handler> (0x000000008bd55ee0) 
thrown [t:\workspace\open\src\hotspot\share\classfile\systemDictionary.cpp, line 256]
Event: 38.274 Thread 0x0000015a71a99e00 Exception <a 'java/lang/ClassNotFoundException'{0x000000008b3ba320}: sun/net/www/protocol/javascript/Handler> (0x000000008b3ba320) 
thrown [t:\workspace\open\src\hotspot\share\classfile\systemDictionary.cpp, line 256]
Event: 38.528 Thread 0x0000015a71a99e00 Exception <a 'java/lang/ClassNotFoundException'{0x000000008a7f8bb0}: sun/net/www/protocol/javascript/Handler> (0x000000008a7f8bb0) 
thrown [t:\workspace\open\src\hotspot\share\classfile\systemDictionary.cpp, line 256]
Event: 38.738 Thread 0x0000015a71a99e00 Exception <a 'java/lang/ClassNotFoundException'{0x000000008a45b1d8}: sun/net/www/protocol/javascript/Handler> (0x000000008a45b1d8) 
thrown [t:\workspace\open\src\hotspot\share\classfile\systemDictionary.cpp, line 256]
Event: 42.120 Thread 0x0000015a71a99e00 Exception <a 'java/lang/ClassNotFoundException'{0x000000008a19d8d0}: sun/net/www/protocol/javascript/Handler> (0x000000008a19d8d0) 
thrown [t:\workspace\open\src\hotspot\share\classfile\systemDictionary.cpp, line 256]
Event: 42.686 Thread 0x0000015a71a99e00 Exception <a 'java/lang/ClassNotFoundException'{0x0000000090b96098}: sun/net/www/protocol/javascript/Handler> (0x0000000090b96098) 
thrown [t:\workspace\open\src\hotspot\share\classfile\systemDictionary.cpp, line 256]
Event: 44.393 Thread 0x0000015a71a99e00 Exception <a 'java/lang/ClassNotFoundException'{0x000000008d298930}: sun/net/www/protocol/irc/Handler> (0x000000008d298930) 
thrown [t:\workspace\open\src\hotspot\share\classfile\systemDictionary.cpp, line 256]
Event: 44.685 Thread 0x0000015a71a99e00 Exception <a 'java/lang/ClassNotFoundException'{0x000000008c316aa8}: sun/net/www/protocol/irc/Handler> (0x000000008c316aa8) 
thrown [t:\workspace\open\src\hotspot\share\classfile\systemDictionary.cpp, line 256]
Event: 44.685 Thread 0x0000015a71a99e00 Exception <a 'java/lang/ClassNotFoundException'{0x000000008c31f398}: sun/net/www/protocol/irc/Handler> (0x000000008c31f398) 
thrown [t:\workspace\open\src\hotspot\share\classfile\systemDictionary.cpp, line 256]
Event: 47.289 Thread 0x0000015a71a99e00 Implicit null exception at 0x0000015a07c0a563 to 0x0000015a07c0dc78
Event: 48.445 Thread 0x0000015a71a99e00 Exception <a 'java/lang/ClassNotFoundException'{0x000000008c661c20}: sun/net/www/protocol/ircs/Handler> (0x000000008c661c20) 
thrown [t:\workspace\open\src\hotspot\share\classfile\systemDictionary.cpp, line 256]

Events (20 events):
Event: 51.906 Executing  VM operation: Cleanup
Event: 51.907 Executing  VM operation: Cleanup done
Event: 53.746 loading class java/util/regex/Matcher$ImmutableMatchResult
Event: 53.746 loading class java/util/regex/Matcher$ImmutableMatchResult done
Event: 53.747 loading class java/io/FileReader
Event: 53.747 loading class java/io/FileReader done
Event: 53.812 Thread 0x0000015a7d92ff00 Thread added: 0x0000015a7d92ff00
Event: 53.909 Executing  VM operation: G1TryInitiateConcMark
Event: 53.912 Executing  VM operation: G1TryInitiateConcMark done
Event: 53.922 Executing  VM operation: G1TryInitiateConcMark
Event: 53.924 Executing  VM operation: G1TryInitiateConcMark done
Event: 53.944 Executing  VM operation: G1TryInitiateConcMark
Event: 53.946 Executing  VM operation: G1TryInitiateConcMark done
Event: 53.956 loading class java/lang/CharacterData01
Event: 53.956 loading class java/lang/CharacterData01 done
Event: 53.958 Executing  VM operation: G1TryInitiateConcMark
Event: 53.960 Executing  VM operation: G1TryInitiateConcMark done
Event: 53.970 Executing  VM operation: G1TryInitiateConcMark
Event: 53.972 Executing  VM operation: G1TryInitiateConcMark done
Event: 53.982 Executing  VM operation: G1TryInitiateConcMark


Dynamic libraries:
0x00007ff76c9f0000 - 0x00007ff76c9fe000 	C:\Users\patel\.p2\pool\plugins\org.eclipse.justj.openjdk.hotspot.jre.full.win32.x86_64_16.0.2.v20210721-1149\jre\bin\javaw.exe
0x00007ff9c1e30000 - 0x00007ff9c2025000 	C:\WINDOWS\SYSTEM32\ntdll.dll
0x00007ff9c0400000 - 0x00007ff9c04be000 	C:\WINDOWS\System32\KERNEL32.DLL
0x00007ff9bf7d0000 - 0x00007ff9bfa98000 	C:\WINDOWS\System32\KERNELBASE.dll
0x00007ff9bf6d0000 - 0x00007ff9bf7d0000 	C:\WINDOWS\System32\ucrtbase.dll
0x00007ff98b900000 - 0x00007ff98b918000 	C:\Users\patel\.p2\pool\plugins\org.eclipse.justj.openjdk.hotspot.jre.full.win32.x86_64_16.0.2.v20210721-1149\jre\bin\jli.dll
0x00007ff98b920000 - 0x00007ff98b939000 	C:\Users\patel\.p2\pool\plugins\org.eclipse.justj.openjdk.hotspot.jre.full.win32.x86_64_16.0.2.v20210721-1149\jre\bin\VCRUNTIME140.dll
0x00007ff9c18d0000 - 0x00007ff9c1a71000 	C:\WINDOWS\System32\USER32.dll
0x00007ff9bfcf0000 - 0x00007ff9bfd12000 	C:\WINDOWS\System32\win32u.dll
0x00007ff9ad3c0000 - 0x00007ff9ad65a000 	C:\WINDOWS\WinSxS\amd64_microsoft.windows.common-controls_6595b64144ccf1df_6.0.19041.1110_none_60b5254171f9507e\COMCTL32.dll
0x00007ff9c0240000 - 0x00007ff9c026b000 	C:\WINDOWS\System32\GDI32.dll
0x00007ff9c0d00000 - 0x00007ff9c0d9e000 	C:\WINDOWS\System32\msvcrt.dll
0x00007ff9bfb30000 - 0x00007ff9bfc3b000 	C:\WINDOWS\System32\gdi32full.dll
0x00007ff9bf550000 - 0x00007ff9bf5ed000 	C:\WINDOWS\System32\msvcp_win.dll
0x00007ff9c1570000 - 0x00007ff9c15a0000 	C:\WINDOWS\System32\IMM32.DLL
0x00007ff99cc40000 - 0x00007ff99cc4c000 	C:\Users\patel\.p2\pool\plugins\org.eclipse.justj.openjdk.hotspot.jre.full.win32.x86_64_16.0.2.v20210721-1149\jre\bin\vcruntime140_1.dll
0x00007ff973520000 - 0x00007ff9735b1000 	C:\Users\patel\.p2\pool\plugins\org.eclipse.justj.openjdk.hotspot.jre.full.win32.x86_64_16.0.2.v20210721-1149\jre\bin\msvcp140.dll
0x00007ff981110000 - 0x00007ff981cbb000 	C:\Users\patel\.p2\pool\plugins\org.eclipse.justj.openjdk.hotspot.jre.full.win32.x86_64_16.0.2.v20210721-1149\jre\bin\server\jvm.dll
0x00007ff9c1820000 - 0x00007ff9c18cc000 	C:\WINDOWS\System32\ADVAPI32.dll
0x00007ff9c15a0000 - 0x00007ff9c163b000 	C:\WINDOWS\System32\sechost.dll
0x00007ff9c05f0000 - 0x00007ff9c071a000 	C:\WINDOWS\System32\RPCRT4.dll
0x00007ff9c0270000 - 0x00007ff9c0278000 	C:\WINDOWS\System32\PSAPI.DLL
0x00007ff9ab6b0000 - 0x00007ff9ab6d7000 	C:\WINDOWS\SYSTEM32\WINMM.dll
0x00007ff9ab780000 - 0x00007ff9ab789000 	C:\WINDOWS\SYSTEM32\WSOCK32.dll
0x00007ff9b7150000 - 0x00007ff9b715a000 	C:\WINDOWS\SYSTEM32\VERSION.dll
0x00007ff9c02e0000 - 0x00007ff9c034b000 	C:\WINDOWS\System32\WS2_32.dll
0x00007ff9bde20000 - 0x00007ff9bde32000 	C:\WINDOWS\SYSTEM32\kernel.appcore.dll
0x00007ff9aeb50000 - 0x00007ff9aeb5a000 	C:\Users\patel\.p2\pool\plugins\org.eclipse.justj.openjdk.hotspot.jre.full.win32.x86_64_16.0.2.v20210721-1149\jre\bin\jimage.dll
0x00007ff9bdae0000 - 0x00007ff9bdcc4000 	C:\WINDOWS\SYSTEM32\DBGHELP.DLL
0x00007ff9a7b70000 - 0x00007ff9a7b9c000 	C:\WINDOWS\SYSTEM32\dbgcore.DLL
0x00007ff9bfaa0000 - 0x00007ff9bfb23000 	C:\WINDOWS\System32\bcryptPrimitives.dll
0x00007ff98f3e0000 - 0x00007ff98f405000 	C:\Users\patel\.p2\pool\plugins\org.eclipse.justj.openjdk.hotspot.jre.full.win32.x86_64_16.0.2.v20210721-1149\jre\bin\java.dll
0x00007ff9a2fd0000 - 0x00007ff9a2fe8000 	C:\Users\patel\.p2\pool\plugins\org.eclipse.justj.openjdk.hotspot.jre.full.win32.x86_64_16.0.2.v20210721-1149\jre\bin\zip.dll
0x00007ff9c0e30000 - 0x00007ff9c156f000 	C:\WINDOWS\System32\SHELL32.dll
0x00007ff9bd280000 - 0x00007ff9bda10000 	C:\WINDOWS\SYSTEM32\windows.storage.dll
0x00007ff9bfee0000 - 0x00007ff9c0235000 	C:\WINDOWS\System32\combase.dll
0x00007ff9beed0000 - 0x00007ff9beefe000 	C:\WINDOWS\SYSTEM32\Wldp.dll
0x00007ff9c0350000 - 0x00007ff9c03fd000 	C:\WINDOWS\System32\SHCORE.dll
0x00007ff9c0280000 - 0x00007ff9c02d5000 	C:\WINDOWS\System32\shlwapi.dll
0x00007ff9bf490000 - 0x00007ff9bf4af000 	C:\WINDOWS\SYSTEM32\profapi.dll
0x00007ff99f6d0000 - 0x00007ff99f6e9000 	C:\Users\patel\.p2\pool\plugins\org.eclipse.justj.openjdk.hotspot.jre.full.win32.x86_64_16.0.2.v20210721-1149\jre\bin\net.dll
0x00007ff9b71b0000 - 0x00007ff9b72bc000 	C:\WINDOWS\SYSTEM32\WINHTTP.dll
0x00007ff9bec30000 - 0x00007ff9bec9a000 	C:\WINDOWS\system32\mswsock.dll
0x00007ff99e1b0000 - 0x00007ff99e1c3000 	C:\Users\patel\.p2\pool\plugins\org.eclipse.justj.openjdk.hotspot.jre.full.win32.x86_64_16.0.2.v20210721-1149\jre\bin\nio.dll
0x00007ff9ad660000 - 0x00007ff9ad670000 	C:\Users\patel\.p2\pool\plugins\org.eclipse.justj.openjdk.hotspot.jre.full.win32.x86_64_16.0.2.v20210721-1149\jre\bin\verify.dll
0x00007ff9be960000 - 0x00007ff9bea2b000 	C:\WINDOWS\SYSTEM32\DNSAPI.dll
0x00007ff9be920000 - 0x00007ff9be95b000 	C:\WINDOWS\SYSTEM32\IPHLPAPI.DLL
0x00007ff9c1640000 - 0x00007ff9c1648000 	C:\WINDOWS\System32\NSI.dll
0x00007ff9ac680000 - 0x00007ff9ac68a000 	C:\Windows\System32\rasadhlp.dll
0x00007ff9aca30000 - 0x00007ff9acaaf000 	C:\WINDOWS\System32\fwpuclnt.dll
0x00007ff9bf5f0000 - 0x00007ff9bf617000 	C:\WINDOWS\System32\bcrypt.dll
0x00007ff9bee20000 - 0x00007ff9bee38000 	C:\WINDOWS\SYSTEM32\CRYPTSP.dll
0x00007ff9be5b0000 - 0x00007ff9be5e4000 	C:\WINDOWS\system32\rsaenh.dll
0x00007ff9bf450000 - 0x00007ff9bf47e000 	C:\WINDOWS\SYSTEM32\USERENV.dll
0x00007ff9bee40000 - 0x00007ff9bee4c000 	C:\WINDOWS\SYSTEM32\CRYPTBASE.dll
0x00007ff9b45f0000 - 0x00007ff9b4607000 	C:\WINDOWS\SYSTEM32\dhcpcsvc6.DLL
0x00007ff9b6120000 - 0x00007ff9b613d000 	C:\WINDOWS\SYSTEM32\dhcpcsvc.DLL
0x00007ff99e8e0000 - 0x00007ff99e8ee000 	C:\Users\patel\.p2\pool\plugins\org.eclipse.justj.openjdk.hotspot.jre.full.win32.x86_64_16.0.2.v20210721-1149\jre\bin\sunmscapi.dll
0x00007ff9bfd20000 - 0x00007ff9bfe76000 	C:\WINDOWS\System32\CRYPT32.dll
0x00007ff9bef40000 - 0x00007ff9bef67000 	C:\WINDOWS\SYSTEM32\ncrypt.dll
0x00007ff9bef00000 - 0x00007ff9bef3b000 	C:\WINDOWS\SYSTEM32\NTASN1.dll

dbghelp: loaded successfully - version: 4.0.5 - missing functions: none
symbol engine: initialized successfully - sym options: 0x614 - pdb path: .;C:\Users\patel\.p2\pool\plugins\org.eclipse.justj.openjdk.hotspot.jre.full.win32.x86_64_16.0.2.v20210721-1149\jre\bin;C:\WINDOWS\SYSTEM32;C:\WINDOWS\WinSxS\amd64_microsoft.windows.common-controls_6595b64144ccf1df_6.0.19041.1110_none_60b5254171f9507e;C:\Users\patel\.p2\pool\plugins\org.eclipse.justj.openjdk.hotspot.jre.full.win32.x86_64_16.0.2.v20210721-1149\jre\bin\server

VM Arguments:
jvm_args: -Dfile.encoding=Cp1252 -XX:+ShowCodeDetailsInExceptionMessages 
java_command: SearchEngine.Searching
java_class_path (initial): C:\Users\patel\eclipse-workspace\Project_ACC\bin;E:\STUDY\Windsor\ACC\assignmnets\Assignment Four\Language-master\Q345-Languages\lib\jsoup-1.8.1.jar;E:\STUDY\Windsor\ACC\assignmnets\Assignment Four\Language-master\Q345-Languages\lib\jsoup-1.8.1-javadoc.jar;E:\STUDY\Windsor\ACC\assignmnets\Assignment Four\Language-master\Q345-Languages\lib\jsoup-1.8.1-sources.jar
Launcher Type: SUN_STANDARD

[Global flags]
     intx CICompilerCount                          = 4                                         {product} {ergonomic}
     uint ConcGCThreads                            = 2                                         {product} {ergonomic}
     uint G1ConcRefinementThreads                  = 8                                         {product} {ergonomic}
   size_t G1HeapRegionSize                         = 1048576                                   {product} {ergonomic}
    uintx GCDrainStackTargetSize                   = 64                                        {product} {ergonomic}
   size_t InitialHeapSize                          = 132120576                                 {product} {ergonomic}
   size_t MarkStackSize                            = 4194304                                   {product} {ergonomic}
   size_t MaxHeapSize                              = 2105540608                                {product} {ergonomic}
   size_t MaxNewSize                               = 1262485504                                {product} {ergonomic}
   size_t MinHeapDeltaBytes                        = 1048576                                   {product} {ergonomic}
   size_t MinHeapSize                              = 8388608                                   {product} {ergonomic}
    uintx NonNMethodCodeHeapSize                   = 5839372                                {pd product} {ergonomic}
    uintx NonProfiledCodeHeapSize                  = 122909434                              {pd product} {ergonomic}
    uintx ProfiledCodeHeapSize                     = 122909434                              {pd product} {ergonomic}
    uintx ReservedCodeCacheSize                    = 251658240                              {pd product} {ergonomic}
     bool SegmentedCodeCache                       = true                                      {product} {ergonomic}
     bool ShowCodeDetailsInExceptionMessages       = true                                   {manageable} {command line}
   size_t SoftMaxHeapSize                          = 2105540608                             {manageable} {ergonomic}
     bool UseCompressedClassPointers               = true                           {product lp64_product} {ergonomic}
     bool UseCompressedOops                        = true                           {product lp64_product} {ergonomic}
     bool UseG1GC                                  = true                                      {product} {ergonomic}
     bool UseLargePagesIndividualAllocation        = false                                  {pd product} {ergonomic}

Logging:
Log output configuration:
 #0: stdout all=warning uptime,level,tags
 #1: stderr all=off uptime,level,tags

Environment Variables:
PATH=C:/Users/patel/.p2/pool/plugins/org.eclipse.justj.openjdk.hotspot.jre.full.win32.x86_64_16.0.2.v20210721-1149/jre/bin/server;C:/Users/patel/.p2/pool/plugins/org.eclipse.justj.openjdk.hotspot.jre.full.win32.x86_64_16.0.2.v20210721-1149/jre/bin;C:\Program Files (x86)\Intel\Intel(R) Management Engine Components\iCLS\;C:\Program Files\Intel\Intel(R) Management Engine Components\iCLS\;C:\WINDOWS\system32;C:\WINDOWS;C:\WINDOWS\System32\Wbem;C:\WINDOWS\System32\WindowsPowerShell\v1.0\;C:\Program Files (x86)\Intel\Intel(R) Management Engine Components\DAL;C:\Program Files\Intel\Intel(R) Management Engine Components\DAL;C:\Program Files (x86)\Intel\Intel(R) Management Engine Components\IPT;C:\Program Files\Intel\Intel(R) Management Engine Components\IPT;C:\WINDOWS\System32\OpenSSH\;C:\Program Files (x86)\Intel\Intel(R) Management Engine Components\iCLS\;C:\Program Files\Intel\Intel(R) Management Engine Components\iCLS\;C:\WINDOWS\system32;C:\WINDOWS;C:\WINDOWS\System32\Wbem;C:\WINDOWS\System32\WindowsPowerShell\v1.0\;C:\Program Files (x86)\Intel\Intel(R) Management Engine Components\DAL;C:\Program Files\Intel\Intel(R) Management Engine Components\DAL;C:\Program Files (x86)\Intel\Intel(R) Management Engine Components\IPT;C:\Program Files\Intel\Intel(R) Management Engine Components\IPT;C:\WINDOWS\System32\OpenSSH\;C:\Users\patel\AppData\Local\Microsoft\WindowsApps;C:\Python34\Scripts;C: \Python34\Scripts;%USERPROFILE%\AppData\Local\Microsoft\WindowsApps;;C:\Users\patel\Desktop;
USERNAME=Pruthvi
OS=Windows_NT
PROCESSOR_IDENTIFIER=Intel64 Family 6 Model 142 Stepping 10, GenuineIntel



---------------  S Y S T E M  ---------------

OS:
 Windows 10 , 64 bit Build 19041 (10.0.19041.1348)
OS uptime: 7 days 17:25 hours

CPU: total 8 (initial active 8) (4 cores per cpu, 2 threads per core) family 6 model 142 stepping 10 microcode 0xca, cx8, cmov, fxsr, ht, mmx, 3dnowpref, sse, sse2, sse3, ssse3, sse4.1, sse4.2, popcnt, lzcnt, tsc, tscinvbit, avx, avx2, aes, erms, clmul, bmi1, bmi2, adx, fma, vzeroupper, clflush, clflushopt

Memory: 4k page, system-wide physical 8025M (1919M free)
TotalPageFile size 23438M (AvailPageFile size 70M)
current process WorkingSet (physical memory assigned to process): 311M, peak: 323M
current process commit charge ("private bytes"): 347M, peak: 578M

vm_info: OpenJDK 64-Bit Server VM (16.0.2+7-67) for windows-amd64 JRE (16.0.2+7-67), built on Jun  8 2021 23:21:43 by "mach5one" with MS VC++ 16.7 (VS2019)

END.
